<?xml version="1.0" encoding="UTF-8"?>
<!-- Generated by org.testng.reporters.JUnitReportReporter -->
<testsuite hostname="DESKTOP-T47VN0T" failures="0" tests="2" name="Test_NG.testNG_4" time="0.032" errors="0" timestamp="2022-12-28T13:36:41 IST" skipped="0">
  <testcase classname="Test_NG.testNG_4" name="test5" time="0.003"/>
  <system-out>
    <![CDATA[hi from tc 5]]>
  </system-out>
  <testcase classname="Test_NG.testNG_4" name="test4" time="0.029"/>
  <system-out>
    <![CDATA[hii i am from test4]]>
  </system-out>
</testsuite> <!-- Test_NG.testNG_4 -->
