<?xml version="1.0" encoding="UTF-8"?>
<!-- Generated by org.testng.reporters.JUnitReportReporter -->
<testsuite hostname="DESKTOP-T47VN0T" failures="0" tests="2" name="Test_NG.Enabled" time="0.032" errors="0" timestamp="2023-01-03T08:18:54 IST" skipped="1">
  <testcase classname="Test_NG.Enabled" name="TC2" time="0.032"/>
  <system-out>
    <![CDATA[this is my second program in testng]]>
  </system-out>
  <testcase classname="Test_NG.Enabled" name="TC1">
    <skipped/>
  </testcase> <!-- TC1 -->
  <system-out/>
</testsuite> <!-- Test_NG.Enabled -->
