<?xml version="1.0" encoding="UTF-8"?>
<!-- Generated by org.testng.reporters.JUnitReportReporter -->
<testsuite hostname="DESKTOP-T47VN0T" failures="0" tests="8" name="Test_NG.Invocation" time="0.053" errors="0" timestamp="2022-12-29T15:11:11 IST" skipped="0">
  <testcase classname="Test_NG.Invocation" name="TC_1" time="0.002"/>
  <system-out>
    <![CDATA[Running TC1]]>
  </system-out>
  <testcase classname="Test_NG.Invocation" name="TC_1" time="0.024"/>
  <system-out>
    <![CDATA[Running TC1]]>
  </system-out>
  <testcase classname="Test_NG.Invocation" name="TC_1" time="0.004"/>
  <system-out>
    <![CDATA[Running TC1]]>
  </system-out>
  <testcase classname="Test_NG.Invocation" name="TC_1" time="0.002"/>
  <system-out>
    <![CDATA[Running TC1]]>
  </system-out>
  <testcase classname="Test_NG.Invocation" name="TC_1" time="0.006"/>
  <system-out>
    <![CDATA[Running TC1]]>
  </system-out>
  <testcase classname="Test_NG.Invocation" name="TC_1" time="0.009"/>
  <system-out>
    <![CDATA[Running TC1]]>
  </system-out>
  <testcase classname="Test_NG.Invocation" name="TC_1" time="0.003"/>
  <system-out>
    <![CDATA[Running TC1]]>
  </system-out>
  <testcase classname="Test_NG.Invocation" name="TC_1" time="0.003"/>
  <system-out>
    <![CDATA[Running TC1]]>
  </system-out>
</testsuite> <!-- Test_NG.Invocation -->
