<?xml version="1.0" encoding="UTF-8"?>
<!-- Generated by org.testng.reporters.JUnitReportReporter -->
<testsuite hostname="DESKTOP-T47VN0T" failures="0" tests="3" name="Test_NG.Sample" time="0.012" errors="0" timestamp="2023-01-03T12:32:05 IST" skipped="0">
  <testcase classname="Test_NG.Sample" name="TC1" time="0.003"/>
  <system-out>
    <![CDATA[running tc1]]>
  </system-out>
  <testcase classname="Test_NG.Sample" name="TC3" time="0.005"/>
  <system-out>
    <![CDATA[running tc3]]>
  </system-out>
  <testcase classname="Test_NG.Sample" name="TC2" time="0.004"/>
  <system-out>
    <![CDATA[running tc2]]>
  </system-out>
</testsuite> <!-- Test_NG.Sample -->
