<?xml version="1.0" encoding="UTF-8"?>
<!-- Generated by org.testng.reporters.JUnitReportReporter -->
<testsuite hostname="DESKTOP-T47VN0T" failures="0" tests="1" name="Test_NG.Testng_Annotation" time="0.016" errors="0" timestamp="2022-12-29T15:02:42 IST" skipped="0">
  <testcase classname="Test_NG.Testng_Annotation" name="varifytext" time="0.016"/>
  <system-out>
    <![CDATA[Running actual test case]]>
  </system-out>
</testsuite> <!-- Test_NG.Testng_Annotation -->
