<?xml version="1.0" encoding="UTF-8"?>
<!-- Generated by org.testng.reporters.JUnitReportReporter -->
<testsuite hostname="DESKTOP-T47VN0T" failures="0" tests="1" name="Test_NG.Parallel_1" time="57.672" errors="0" timestamp="2023-01-03T13:09:56 IST" skipped="0">
  <testcase classname="Test_NG.Parallel_1" name="TC1" time="57.672"/>
  <system-out/>
</testsuite> <!-- Test_NG.Parallel_1 -->
