<?xml version="1.0" encoding="UTF-8"?>
<!-- Generated by org.testng.reporters.JUnitReportReporter -->
<testsuite hostname="DESKTOP-T47VN0T" failures="0" tests="3" name="Test_NG.Sample2" time="0.017" errors="0" timestamp="2023-01-03T12:32:05 IST" skipped="0">
  <testcase classname="Test_NG.Sample2" name="TC4" time="0.006"/>
  <system-out>
    <![CDATA[running tc 4]]>
  </system-out>
  <testcase classname="Test_NG.Sample2" name="TC" time="0.005"/>
  <system-out>
    <![CDATA[running tc 6]]>
  </system-out>
  <testcase classname="Test_NG.Sample2" name="TC5" time="0.006"/>
  <system-out>
    <![CDATA[running tc 5]]>
  </system-out>
</testsuite> <!-- Test_NG.Sample2 -->
