<?xml version="1.0" encoding="UTF-8"?>
<!-- Generated by org.testng.reporters.JUnitReportReporter -->
<testsuite hostname="DESKTOP-T47VN0T" failures="0" tests="3" name="Test_NG.Priority" time="0.028" errors="0" timestamp="2022-12-29T15:18:41 IST" skipped="0">
  <testcase classname="Test_NG.Priority" name="tc3" time="0.022"/>
  <system-out>
    <![CDATA[running tc3]]>
  </system-out>
  <testcase classname="Test_NG.Priority" name="tc2" time="0.004"/>
  <system-out>
    <![CDATA[running tc2]]>
  </system-out>
  <testcase classname="Test_NG.Priority" name="TC1" time="0.002"/>
  <system-out>
    <![CDATA[running tc1]]>
  </system-out>
</testsuite> <!-- Test_NG.Priority -->
