<?xml version="1.0" encoding="UTF-8"?>
<!-- Generated by org.testng.reporters.JUnitReportReporter -->
<testsuite hostname="DESKTOP-T47VN0T" failures="0" tests="2" name="Test_NG.Multisuite" time="56.765" errors="0" timestamp="2023-01-06T19:33:19 IST" skipped="0">
  <testcase classname="Test_NG.Multisuite" name="tc" time="23.857"/>
  <system-out/>
  <testcase classname="Test_NG.Multisuite" name="tc" time="32.908"/>
  <system-out/>
</testsuite> <!-- Test_NG.Multisuite -->
