<?xml version="1.0" encoding="UTF-8"?>
<!-- Generated by org.testng.reporters.JUnitReportReporter -->
<testsuite hostname="DESKTOP-T47VN0T" failures="0" tests="2" name="Test_NG.TestNG_3" time="0.032" errors="0" timestamp="2022-12-28T13:37:50 IST" skipped="0">
  <testcase classname="Test_NG.TestNG_3" name="test3" time="0.003"/>
  <system-out>
    <![CDATA[yes hi am form testng3]]>
  </system-out>
  <testcase classname="Test_NG.TestNG_3" name="test" time="0.029"/>
  <system-out>
    <![CDATA[hi i am from test4]]>
  </system-out>
</testsuite> <!-- Test_NG.TestNG_3 -->
