<?xml version="1.0" encoding="UTF-8"?>
<!-- Generated by org.testng.reporters.JUnitReportReporter -->
<testsuite hostname="DESKTOP-T47VN0T" failures="0" tests="2" name="Test_NG.Test_NG_2" time="0.032" errors="0" timestamp="2022-12-28T13:05:50 IST" skipped="0">
  <testcase classname="Test_NG.Test_NG_2" name="test2" time="0.003"/>
  <system-out>
    <![CDATA[hii am to fast]]>
  </system-out>
  <testcase classname="Test_NG.Test_NG_2" name="test1" time="0.029"/>
  <system-out>
    <![CDATA[hii am from testNG2]]>
  </system-out>
</testsuite> <!-- Test_NG.Test_NG_2 -->
