<?xml version="1.0" encoding="UTF-8"?>
<!-- Generated by org.testng.reporters.JUnitReportReporter -->
<testsuite hostname="DESKTOP-T47VN0T" failures="0" tests="3" name="Test_NG.Sample3" time="0.029" errors="0" timestamp="2023-01-03T12:32:05 IST" skipped="0">
  <testcase classname="Test_NG.Sample3" name="TC8" time="0.004"/>
  <system-out>
    <![CDATA[running tc8]]>
  </system-out>
  <testcase classname="Test_NG.Sample3" name="TC7" time="0.022"/>
  <system-out>
    <![CDATA[running tc 7]]>
  </system-out>
  <testcase classname="Test_NG.Sample3" name="TC9" time="0.003"/>
  <system-out>
    <![CDATA[running tc 9]]>
  </system-out>
</testsuite> <!-- Test_NG.Sample3 -->
