<?xml version="1.0" encoding="UTF-8"?>
<!-- Generated by org.testng.reporters.JUnitReportReporter -->
<testsuite hostname="DESKTOP-T47VN0T" failures="0" tests="2" name="Test_NG.Timeouts" time="0.044" errors="0" timestamp="2023-01-03T08:24:16 IST" skipped="0">
  <testcase classname="Test_NG.Timeouts" name="TC2" time="0.013"/>
  <system-out>
    <![CDATA[this is my second tc]]>
  </system-out>
  <testcase classname="Test_NG.Timeouts" name="TC1" time="0.031"/>
  <system-out>
    <![CDATA[this is program for timeouts]]>
  </system-out>
</testsuite> <!-- Test_NG.Timeouts -->
