<?xml version="1.0" encoding="UTF-8"?>
<!-- Generated by org.testng.reporters.JUnitReportReporter -->
<testsuite hostname="DESKTOP-T47VN0T" failures="0" tests="3" name="Test_NG.Priority_1" time="0.030" errors="0" timestamp="2023-01-03T08:10:10 IST" skipped="0">
  <testcase classname="Test_NG.Priority_1" name="prabhas" time="0.024"/>
  <system-out>
    <![CDATA[running prabhas]]>
  </system-out>
  <testcase classname="Test_NG.Priority_1" name="eshwar" time="0.003"/>
  <system-out>
    <![CDATA[running eshwar]]>
  </system-out>
  <testcase classname="Test_NG.Priority_1" name="alluarjun" time="0.003"/>
  <system-out>
    <![CDATA[running alluarjun]]>
  </system-out>
</testsuite> <!-- Test_NG.Priority_1 -->
